<?xml version="1.0" encoding="UTF-8"?>
<testsuites>
  <testsuite name="" tests="25" assertions="176" errors="0" warnings="0" failures="0" skipped="0" time="0.664799">
    <testsuite name="Project Test Suite" tests="25" assertions="176" errors="0" warnings="0" failures="0" skipped="0" time="0.664799">
      <testsuite name="Tests\Unit\Card\CardGraphicTest" file="/home/moawya/dbwebb-kurser/mvc/me/report/tests/Card/CardGraphicTest.php" tests="6" assertions="11" errors="0" warnings="0" failures="0" skipped="0" time="0.013654">
        <testcase name="testDrawPlayerCards" class="Tests\Unit\Card\CardGraphicTest" classname="Tests.Unit.Card.CardGraphicTest" file="/home/moawya/dbwebb-kurser/mvc/me/report/tests/Card/CardGraphicTest.php" line="23" assertions="4" time="0.008831"/>
        <testcase name="testDrawCards" class="Tests\Unit\Card\CardGraphicTest" classname="Tests.Unit.Card.CardGraphicTest" file="/home/moawya/dbwebb-kurser/mvc/me/report/tests/Card/CardGraphicTest.php" line="34" assertions="2" time="0.001712"/>
        <testcase name="testDrawCardsbank" class="Tests\Unit\Card\CardGraphicTest" classname="Tests.Unit.Card.CardGraphicTest" file="/home/moawya/dbwebb-kurser/mvc/me/report/tests/Card/CardGraphicTest.php" line="45" assertions="2" time="0.000573"/>
        <testcase name="testGetColor" class="Tests\Unit\Card\CardGraphicTest" classname="Tests.Unit.Card.CardGraphicTest" file="/home/moawya/dbwebb-kurser/mvc/me/report/tests/Card/CardGraphicTest.php" line="55" assertions="1" time="0.001336"/>
        <testcase name="testGetValue" class="Tests\Unit\Card\CardGraphicTest" classname="Tests.Unit.Card.CardGraphicTest" file="/home/moawya/dbwebb-kurser/mvc/me/report/tests/Card/CardGraphicTest.php" line="60" assertions="1" time="0.000619"/>
        <testcase name="testGetForm" class="Tests\Unit\Card\CardGraphicTest" classname="Tests.Unit.Card.CardGraphicTest" file="/home/moawya/dbwebb-kurser/mvc/me/report/tests/Card/CardGraphicTest.php" line="65" assertions="1" time="0.000583"/>
      </testsuite>
      <testsuite name="DeckWith2JokersTest" file="/home/moawya/dbwebb-kurser/mvc/me/report/tests/Card/DeckWith2JokersTest.php" tests="2" assertions="113" errors="0" warnings="0" failures="0" skipped="0" time="0.005146">
        <testcase name="testInitEnglishDeck2Jokers" class="DeckWith2JokersTest" classname="DeckWith2JokersTest" file="/home/moawya/dbwebb-kurser/mvc/me/report/tests/Card/DeckWith2JokersTest.php" line="11" assertions="110" time="0.002519"/>
        <testcase name="testShuffleCards" class="DeckWith2JokersTest" classname="DeckWith2JokersTest" file="/home/moawya/dbwebb-kurser/mvc/me/report/tests/Card/DeckWith2JokersTest.php" line="32" assertions="3" time="0.002627"/>
      </testsuite>
      <testsuite name="BookTypeTest" file="/home/moawya/dbwebb-kurser/mvc/me/report/tests/Form/BookTypeTest.php" tests="1" assertions="13" errors="0" warnings="0" failures="0" skipped="0" time="0.066689">
        <testcase name="testBookTypeForm" class="BookTypeTest" classname="BookTypeTest" file="/home/moawya/dbwebb-kurser/mvc/me/report/tests/Form/BookTypeTest.php" line="10" assertions="13" time="0.066689"/>
      </testsuite>
      <testsuite name="App\Tests\Repository\BooklibRepositoryTest" file="/home/moawya/dbwebb-kurser/mvc/me/report/tests/Repository/BooklibRepositoryTest.php" tests="4" assertions="16" errors="0" warnings="0" failures="0" skipped="0" time="0.553637">
        <testcase name="testFind" class="App\Tests\Repository\BooklibRepositoryTest" classname="App.Tests.Repository.BooklibRepositoryTest" file="/home/moawya/dbwebb-kurser/mvc/me/report/tests/Repository/BooklibRepositoryTest.php" line="56" assertions="5" time="0.339972"/>
        <testcase name="testFindOneBy" class="App\Tests\Repository\BooklibRepositoryTest" classname="App.Tests.Repository.BooklibRepositoryTest" file="/home/moawya/dbwebb-kurser/mvc/me/report/tests/Repository/BooklibRepositoryTest.php" line="77" assertions="5" time="0.087553"/>
        <testcase name="testFindAll" class="App\Tests\Repository\BooklibRepositoryTest" classname="App.Tests.Repository.BooklibRepositoryTest" file="/home/moawya/dbwebb-kurser/mvc/me/report/tests/Repository/BooklibRepositoryTest.php" line="97" assertions="3" time="0.062342"/>
        <testcase name="testFindBy" class="App\Tests\Repository\BooklibRepositoryTest" classname="App.Tests.Repository.BooklibRepositoryTest" file="/home/moawya/dbwebb-kurser/mvc/me/report/tests/Repository/BooklibRepositoryTest.php" line="122" assertions="3" time="0.063771"/>
      </testsuite>
      <testsuite name="GameServiceTest" file="/home/moawya/dbwebb-kurser/mvc/me/report/tests/Service/GameServiceTest.php" tests="2" assertions="4" errors="0" warnings="0" failures="0" skipped="0" time="0.013432">
        <testcase name="testDrawCard" class="GameServiceTest" classname="GameServiceTest" file="/home/moawya/dbwebb-kurser/mvc/me/report/tests/Service/GameServiceTest.php" line="35" assertions="2" time="0.011900"/>
        <testcase name="testDrawBankCards" class="GameServiceTest" classname="GameServiceTest" file="/home/moawya/dbwebb-kurser/mvc/me/report/tests/Service/GameServiceTest.php" line="71" assertions="2" time="0.001533"/>
      </testsuite>
      <testsuite name="App\Tests\Service\PokerSquareServiceTest" file="/home/moawya/dbwebb-kurser/mvc/me/report/tests/Service/PokerSquareServiceTest.php" tests="10" assertions="19" errors="0" warnings="0" failures="0" skipped="0" time="0.012240">
        <testcase name="testConstructor" class="App\Tests\Service\PokerSquareServiceTest" classname="App.Tests.Service.PokerSquareServiceTest" file="/home/moawya/dbwebb-kurser/mvc/me/report/tests/Service/PokerSquareServiceTest.php" line="26" assertions="2" time="0.001196"/>
        <testcase name="testInitialization" class="App\Tests\Service\PokerSquareServiceTest" classname="App.Tests.Service.PokerSquareServiceTest" file="/home/moawya/dbwebb-kurser/mvc/me/report/tests/Service/PokerSquareServiceTest.php" line="32" assertions="2" time="0.000532"/>
        <testcase name="testDrawCardsPocker" class="App\Tests\Service\PokerSquareServiceTest" classname="App.Tests.Service.PokerSquareServiceTest" file="/home/moawya/dbwebb-kurser/mvc/me/report/tests/Service/PokerSquareServiceTest.php" line="46" assertions="2" time="0.001731"/>
        <testcase name="testCalculateScores" class="App\Tests\Service\PokerSquareServiceTest" classname="App.Tests.Service.PokerSquareServiceTest" file="/home/moawya/dbwebb-kurser/mvc/me/report/tests/Service/PokerSquareServiceTest.php" line="86" assertions="2" time="0.001227"/>
        <testcase name="testSparaScore" class="App\Tests\Service\PokerSquareServiceTest" classname="App.Tests.Service.PokerSquareServiceTest" file="/home/moawya/dbwebb-kurser/mvc/me/report/tests/Service/PokerSquareServiceTest.php" line="140" assertions="1" time="0.000971"/>
        <testcase name="testGetTopScores" class="App\Tests\Service\PokerSquareServiceTest" classname="App.Tests.Service.PokerSquareServiceTest" file="/home/moawya/dbwebb-kurser/mvc/me/report/tests/Service/PokerSquareServiceTest.php" line="156" assertions="2" time="0.001293"/>
        <testcase name="testIsGridFull" class="App\Tests\Service\PokerSquareServiceTest" classname="App.Tests.Service.PokerSquareServiceTest" file="/home/moawya/dbwebb-kurser/mvc/me/report/tests/Service/PokerSquareServiceTest.php" line="173" assertions="2" time="0.001557"/>
        <testcase name="testIsGridFullWhenGridIsNotFull" class="App\Tests\Service\PokerSquareServiceTest" classname="App.Tests.Service.PokerSquareServiceTest" file="/home/moawya/dbwebb-kurser/mvc/me/report/tests/Service/PokerSquareServiceTest.php" line="186" assertions="2" time="0.001378"/>
        <testcase name="testCalculateScoresWithEmptyGrid" class="App\Tests\Service\PokerSquareServiceTest" classname="App.Tests.Service.PokerSquareServiceTest" file="/home/moawya/dbwebb-kurser/mvc/me/report/tests/Service/PokerSquareServiceTest.php" line="200" assertions="2" time="0.001214"/>
        <testcase name="testCalculateScoresWithInvalidGridData" class="App\Tests\Service\PokerSquareServiceTest" classname="App.Tests.Service.PokerSquareServiceTest" file="/home/moawya/dbwebb-kurser/mvc/me/report/tests/Service/PokerSquareServiceTest.php" line="221" assertions="2" time="0.001142"/>
      </testsuite>
    </testsuite>
  </testsuite>
</testsuites>
