<?xml version="1.0" encoding="UTF-8"?>
<testsuites>
  <testsuite name="" tests="8" assertions="122" errors="1" warnings="0" failures="0" skipped="0" time="0.008823">
    <testsuite name="Project Test Suite" tests="8" assertions="122" errors="1" warnings="0" failures="0" skipped="0" time="0.008823">
      <testsuite name="Tests\Unit\Card\CardGraphicTest" file="/home/moawya/dbwebb-kurser/mvc/me/report/tests/Card/CardGraphicTest.php" tests="6" assertions="9" errors="1" warnings="0" failures="0" skipped="0" time="0.006356">
        <testcase name="testDrawPlayerCards" class="Tests\Unit\Card\CardGraphicTest" classname="Tests.Unit.Card.CardGraphicTest" file="/home/moawya/dbwebb-kurser/mvc/me/report/tests/Card/CardGraphicTest.php" line="23" assertions="4" time="0.003657"/>
        <testcase name="testDrawCards" class="Tests\Unit\Card\CardGraphicTest" classname="Tests.Unit.Card.CardGraphicTest" file="/home/moawya/dbwebb-kurser/mvc/me/report/tests/Card/CardGraphicTest.php" line="34" assertions="2" time="0.000725"/>
        <testcase name="testDrawCardsbank" class="Tests\Unit\Card\CardGraphicTest" classname="Tests.Unit.Card.CardGraphicTest" file="/home/moawya/dbwebb-kurser/mvc/me/report/tests/Card/CardGraphicTest.php" line="45" assertions="0" time="0.000966">
          <error type="PHPUnit\Framework\Error\Warning">Tests\Unit\Card\CardGraphicTest::testDrawCardsbank
Undefined array key "cards"

/home/moawya/dbwebb-kurser/mvc/me/report/tests/Card/CardGraphicTest.php:48</error>
        </testcase>
        <testcase name="testGetColor" class="Tests\Unit\Card\CardGraphicTest" classname="Tests.Unit.Card.CardGraphicTest" file="/home/moawya/dbwebb-kurser/mvc/me/report/tests/Card/CardGraphicTest.php" line="55" assertions="1" time="0.000660"/>
        <testcase name="testGetValue" class="Tests\Unit\Card\CardGraphicTest" classname="Tests.Unit.Card.CardGraphicTest" file="/home/moawya/dbwebb-kurser/mvc/me/report/tests/Card/CardGraphicTest.php" line="60" assertions="1" time="0.000181"/>
        <testcase name="testGetForm" class="Tests\Unit\Card\CardGraphicTest" classname="Tests.Unit.Card.CardGraphicTest" file="/home/moawya/dbwebb-kurser/mvc/me/report/tests/Card/CardGraphicTest.php" line="65" assertions="1" time="0.000166"/>
      </testsuite>
      <testsuite name="DeckWith2JokersTest" file="/home/moawya/dbwebb-kurser/mvc/me/report/tests/Card/DeckWith2JokersTest.php" tests="2" assertions="113" errors="0" warnings="0" failures="0" skipped="0" time="0.002466">
        <testcase name="testInitEnglishDeck2Jokers" class="DeckWith2JokersTest" classname="DeckWith2JokersTest" file="/home/moawya/dbwebb-kurser/mvc/me/report/tests/Card/DeckWith2JokersTest.php" line="11" assertions="110" time="0.000985"/>
        <testcase name="testShuffleCards" class="DeckWith2JokersTest" classname="DeckWith2JokersTest" file="/home/moawya/dbwebb-kurser/mvc/me/report/tests/Card/DeckWith2JokersTest.php" line="32" assertions="3" time="0.001481"/>
      </testsuite>
    </testsuite>
  </testsuite>
</testsuites>
