<?xml version="1.0" encoding="UTF-8"?>
<testsuites>
  <testsuite name="" tests="11" assertions="141" errors="0" warnings="0" failures="0" skipped="0" time="0.124921">
    <testsuite name="Project Test Suite" tests="11" assertions="141" errors="0" warnings="0" failures="0" skipped="0" time="0.124921">
      <testsuite name="Tests\Unit\Card\CardGraphicTest" file="/home/moawya/dbwebb-kurser/mvc/me/report/tests/Card/CardGraphicTest.php" tests="6" assertions="11" errors="0" warnings="0" failures="0" skipped="0" time="0.021721">
        <testcase name="testDrawPlayerCards" class="Tests\Unit\Card\CardGraphicTest" classname="Tests.Unit.Card.CardGraphicTest" file="/home/moawya/dbwebb-kurser/mvc/me/report/tests/Card/CardGraphicTest.php" line="23" assertions="4" time="0.016901"/>
        <testcase name="testDrawCards" class="Tests\Unit\Card\CardGraphicTest" classname="Tests.Unit.Card.CardGraphicTest" file="/home/moawya/dbwebb-kurser/mvc/me/report/tests/Card/CardGraphicTest.php" line="34" assertions="2" time="0.001680"/>
        <testcase name="testDrawCardsbank" class="Tests\Unit\Card\CardGraphicTest" classname="Tests.Unit.Card.CardGraphicTest" file="/home/moawya/dbwebb-kurser/mvc/me/report/tests/Card/CardGraphicTest.php" line="45" assertions="2" time="0.000733"/>
        <testcase name="testGetColor" class="Tests\Unit\Card\CardGraphicTest" classname="Tests.Unit.Card.CardGraphicTest" file="/home/moawya/dbwebb-kurser/mvc/me/report/tests/Card/CardGraphicTest.php" line="55" assertions="1" time="0.001281"/>
        <testcase name="testGetValue" class="Tests\Unit\Card\CardGraphicTest" classname="Tests.Unit.Card.CardGraphicTest" file="/home/moawya/dbwebb-kurser/mvc/me/report/tests/Card/CardGraphicTest.php" line="60" assertions="1" time="0.000524"/>
        <testcase name="testGetForm" class="Tests\Unit\Card\CardGraphicTest" classname="Tests.Unit.Card.CardGraphicTest" file="/home/moawya/dbwebb-kurser/mvc/me/report/tests/Card/CardGraphicTest.php" line="65" assertions="1" time="0.000603"/>
      </testsuite>
      <testsuite name="DeckWith2JokersTest" file="/home/moawya/dbwebb-kurser/mvc/me/report/tests/Card/DeckWith2JokersTest.php" tests="2" assertions="113" errors="0" warnings="0" failures="0" skipped="0" time="0.007889">
        <testcase name="testInitEnglishDeck2Jokers" class="DeckWith2JokersTest" classname="DeckWith2JokersTest" file="/home/moawya/dbwebb-kurser/mvc/me/report/tests/Card/DeckWith2JokersTest.php" line="11" assertions="110" time="0.002562"/>
        <testcase name="testShuffleCards" class="DeckWith2JokersTest" classname="DeckWith2JokersTest" file="/home/moawya/dbwebb-kurser/mvc/me/report/tests/Card/DeckWith2JokersTest.php" line="32" assertions="3" time="0.005327"/>
      </testsuite>
      <testsuite name="BookTypeTest" file="/home/moawya/dbwebb-kurser/mvc/me/report/tests/Form/BookTypeTest.php" tests="1" assertions="13" errors="0" warnings="0" failures="0" skipped="0" time="0.079974">
        <testcase name="testBookTypeForm" class="BookTypeTest" classname="BookTypeTest" file="/home/moawya/dbwebb-kurser/mvc/me/report/tests/Form/BookTypeTest.php" line="10" assertions="13" time="0.079974"/>
      </testsuite>
      <testsuite name="GameServiceTest" file="/home/moawya/dbwebb-kurser/mvc/me/report/tests/Service/GameServiceTest.php" tests="2" assertions="4" errors="0" warnings="0" failures="0" skipped="0" time="0.015336">
        <testcase name="testDrawCard" class="GameServiceTest" classname="GameServiceTest" file="/home/moawya/dbwebb-kurser/mvc/me/report/tests/Service/GameServiceTest.php" line="35" assertions="2" time="0.013104"/>
        <testcase name="testDrawBankCards" class="GameServiceTest" classname="GameServiceTest" file="/home/moawya/dbwebb-kurser/mvc/me/report/tests/Service/GameServiceTest.php" line="71" assertions="2" time="0.002232"/>
      </testsuite>
    </testsuite>
  </testsuite>
</testsuites>
